2023-03-22T13:35:24.187+01:00  WARN 160248 --- [HikariPool-2 housekeeper] com.zaxxer.hikari.pool.HikariPool        : HikariPool-2 - Thread starvation or clock leap detected (housekeeper delta=14h13m16s961ms668µs900ns).
2023-03-22T14:10:49.774+01:00  WARN 160248 --- [HikariPool-2 housekeeper] com.zaxxer.hikari.pool.HikariPool        : HikariPool-2 - Thread starvation or clock leap detected (housekeeper delta=26m55s438ms992µs300ns).
2023-03-22T14:15:22.929+01:00  INFO 160248 --- [File Watcher] rtingClassPathChangeChangedEventListener : Restarting due to 1 class path change (0 additions, 0 deletions, 1 modification)
2023-03-22T14:15:22.964+01:00  INFO 160248 --- [Thread-7] o.apache.catalina.core.StandardService   : Stopping service [Tomcat]
2023-03-22T14:15:22.967+01:00  INFO 160248 --- [Thread-7] o.a.c.c.C.[Tomcat].[localhost].[/]       : Destroying Spring FrameworkServlet 'dispatcherServlet'
2023-03-22T14:15:22.980+01:00  INFO 160248 --- [Thread-7] j.LocalContainerEntityManagerFactoryBean : Closing JPA EntityManagerFactory for persistence unit 'default'
2023-03-22T14:15:22.983+01:00  INFO 160248 --- [Thread-7] com.zaxxer.hikari.HikariDataSource       : HikariPool-2 - Shutdown initiated...
2023-03-22T14:15:22.987+01:00  INFO 160248 --- [Thread-7] com.zaxxer.hikari.HikariDataSource       : HikariPool-2 - Shutdown completed.
2023-03-22T14:15:23.203+01:00  INFO 160248 --- [restartedMain] c.despensa.personal.DespensaApplication  : Starting DespensaApplication using Java 17.0.5 with PID 160248 (C:\Users\OGM\Documents\Spring\spring-tool-workspace\despensa\target\classes started by OGM in C:\Users\OGM\Documents\Spring\spring-tool-workspace\despensa)
2023-03-22T14:15:23.204+01:00  INFO 160248 --- [restartedMain] c.despensa.personal.DespensaApplication  : No active profile set, falling back to 1 default profile: "default"
2023-03-22T14:15:24.042+01:00  INFO 160248 --- [restartedMain] .s.d.r.c.RepositoryConfigurationDelegate : Bootstrapping Spring Data JPA repositories in DEFAULT mode.
2023-03-22T14:15:24.091+01:00  INFO 160248 --- [restartedMain] .s.d.r.c.RepositoryConfigurationDelegate : Finished Spring Data repository scanning in 48 ms. Found 3 JPA repository interfaces.
2023-03-22T14:15:24.354+01:00  INFO 160248 --- [restartedMain] o.s.b.w.embedded.tomcat.TomcatWebServer  : Tomcat initialized with port(s): 8080 (http)
2023-03-22T14:15:24.355+01:00  INFO 160248 --- [restartedMain] o.apache.catalina.core.StandardService   : Starting service [Tomcat]
2023-03-22T14:15:24.356+01:00  INFO 160248 --- [restartedMain] o.apache.catalina.core.StandardEngine    : Starting Servlet engine: [Apache Tomcat/10.1.5]
2023-03-22T14:15:24.401+01:00  INFO 160248 --- [restartedMain] o.a.c.c.C.[Tomcat].[localhost].[/]       : Initializing Spring embedded WebApplicationContext
2023-03-22T14:15:24.401+01:00  INFO 160248 --- [restartedMain] w.s.c.ServletWebServerApplicationContext : Root WebApplicationContext: initialization completed in 1190 ms
2023-03-22T14:15:24.485+01:00  INFO 160248 --- [restartedMain] o.hibernate.jpa.internal.util.LogHelper  : HHH000204: Processing PersistenceUnitInfo [name: default]
2023-03-22T14:15:24.495+01:00  WARN 160248 --- [restartedMain] org.hibernate.orm.deprecation            : HHH90000021: Encountered deprecated setting [javax.persistence.sharedCache.mode], use [jakarta.persistence.sharedCache.mode] instead
2023-03-22T14:15:24.509+01:00  INFO 160248 --- [restartedMain] com.zaxxer.hikari.HikariDataSource       : HikariPool-3 - Starting...
2023-03-22T14:15:24.509+01:00  WARN 160248 --- [restartedMain] c.zaxxer.hikari.util.DriverDataSource    : Registered driver with driverClassName=com.mysql.jdbc.Driver was not found, trying direct instantiation.
2023-03-22T14:15:24.517+01:00  INFO 160248 --- [restartedMain] com.zaxxer.hikari.pool.HikariPool        : HikariPool-3 - Added connection com.mysql.cj.jdbc.ConnectionImpl@1b27c9be
2023-03-22T14:15:24.517+01:00  INFO 160248 --- [restartedMain] com.zaxxer.hikari.HikariDataSource       : HikariPool-3 - Start completed.
2023-03-22T14:15:24.520+01:00  INFO 160248 --- [restartedMain] SQL dialect                              : HHH000400: Using dialect: org.hibernate.dialect.MySQLDialect
2023-03-22T14:15:24.728+01:00  INFO 160248 --- [restartedMain] o.h.e.t.j.p.i.JtaPlatformInitiator       : HHH000490: Using JtaPlatform implementation: [org.hibernate.engine.transaction.jta.platform.internal.NoJtaPlatform]
2023-03-22T14:15:24.729+01:00  INFO 160248 --- [restartedMain] j.LocalContainerEntityManagerFactoryBean : Initialized JPA EntityManagerFactory for persistence unit 'default'
2023-03-22T14:15:26.864+01:00  WARN 160248 --- [restartedMain] JpaBaseConfiguration$JpaWebConfiguration : spring.jpa.open-in-view is enabled by default. Therefore, database queries may be performed during view rendering. Explicitly configure spring.jpa.open-in-view to disable this warning
2023-03-22T14:15:27.171+01:00  INFO 160248 --- [restartedMain] o.s.b.d.a.OptionalLiveReloadServer       : LiveReload server is running on port 35729
2023-03-22T14:15:27.209+01:00  INFO 160248 --- [restartedMain] o.s.b.w.embedded.tomcat.TomcatWebServer  : Tomcat started on port(s): 8080 (http) with context path ''
2023-03-22T14:15:27.223+01:00  INFO 160248 --- [restartedMain] c.despensa.personal.DespensaApplication  : Started DespensaApplication in 4.111 seconds (process running for 56668.847)
2023-03-22T14:15:27.229+01:00  INFO 160248 --- [restartedMain] .ConditionEvaluationDeltaLoggingListener : Condition evaluation unchanged
